Error: Tenant guard: findMany on WarehouseTask without tenant context and without an explicit where.companyId
    at assertExplicitlyScoped (C:\Users\emrec\Desktop\PROJE\logitrackv2\.next\dev\server\chunks\ssr\[root-of-the-server]__1ibjx6c._.js:1284:19)
    at Array.$allOperations (C:\Users\emrec\Desktop\PROJE\logitrackv2\.next\dev\server\chunks\ssr\[root-of-the-server]__1ibjx6c._.js:1329:25)
    at C:\Users\emrec\Desktop\PROJE\logitrackv2\node_modules\@prisma\client\runtime\client.js:11:9301
    at o (C:\Users\emrec\Desktop\PROJE\logitrackv2\node_modules\@prisma\client\runtime\client.js:65:1022)
    at PrismaPromise.then (C:\Users\emrec\Desktop\PROJE\logitrackv2\node_modules\@prisma\client\runtime\client.js:65:1118)
    at process.processTicksAndRejections (node:internal/process/task_queues:103:5)
    at async a (C:\Users\emrec\Desktop\PROJE\logitrackv2\node_modules\@prisma\client\runtime\client.js:75:6862)
    at async Promise.all (index 1)
    at async C:\Users\emrec\Desktop\PROJE\logitrackv2\.next\dev\server\chunks\[root-of-the-server]__1egkbdo._.js:1687:73
    at async GET (C:\Users\emrec\Desktop\PROJE\logitrackv2\.next\dev\server\chunks\[root-of-the-server]__1egkbdo._.js:2457:22)
    at async AppRouteRouteModule.do (C:\Users\emrec\Desktop\PROJE\logitrackv2\node_modules\next\dist\compiled\next-server\app-route-turbo.runtime.dev.js:5:40131)
    at async AppRouteRouteModule.handle (C:\Users\emrec\Desktop\PROJE\logitrackv2\node_modules\next\dist\compiled\next-server\app-route-turbo.runtime.dev.js:5:47411)
    at async responseGenerator (C:\Users\emrec\Desktop\PROJE\logitrackv2\.next\dev\server\chunks\node_modules_next_04x8s5n._.js:24766:38)
    at async AppRouteRouteModule.handleResponse (C:\Users\emrec\Desktop\PROJE\logitrackv2\node_modules\next\dist\compiled\next-server\app-route-turbo.runtime.dev.js:1:228552)
    at async handleResponse (C:\Users\emrec\Desktop\PROJE\logitrackv2\.next\dev\server\chunks\node_modules_next_04x8s5n._.js:24829:32)
    at async Module.handler (C:\Users\emrec\Desktop\PROJE\logitrackv2\.next\dev\server\chunks\node_modules_next_04x8s5n._.js:24883:13)
    at async DevServer.renderToResponseWithComponentsImpl (C:\Users\emrec\Desktop\PROJE\logitrackv2\node_modules\next\dist\server\base-server.js:1462:9)
    at async DevServer.renderPageComponent (C:\Users\emrec\Desktop\PROJE\logitrackv2\node_modules\next\dist\server\base-server.js:1514:24)
    at async DevServer.renderToResponseImpl (C:\Users\emrec\Desktop\PROJE\logitrackv2\node_modules\next\dist\server\base-server.js:1564:32)
    at async DevServer.pipeImpl (C:\Users\emrec\Desktop\PROJE\logitrackv2\node_modules\next\dist\server\base-server.js:1044:25)
    at async NextNodeServer.handleCatchallRenderRequest (C:\Users\emrec\Desktop\PROJE\logitrackv2\node_modules\next\dist\server\next-server.js:338:17)
    at async DevServer.handleRequestImpl (C:\Users\emrec\Desktop\PROJE\logitrackv2\node_modules\next\dist\server\base-server.js:935:17)
    at async C:\Users\emrec\Desktop\PROJE\logitrackv2\node_modules\next\dist\server\dev\next-dev-server.js:394:20
    at async Span.traceAsyncFn (C:\Users\emrec\Desktop\PROJE\logitrackv2\node_modules\next\dist\trace\trace.js:164:20)
    at async DevServer.handleRequest (C:\Users\emrec\Desktop\PROJE\logitrackv2\node_modules\next\dist\server\dev\next-dev-server.js:390:24)
    at async invokeRender (C:\Users\emrec\Desktop\PROJE\logitrackv2\node_modules\next\dist\server\lib\router-server.js:266:21)
    at async handleRequest (C:\Users\emrec\Desktop\PROJE\logitrackv2\node_modules\next\dist\server\lib\router-server.js:465:24)
    at async requestHandlerImpl (C:\Users\emrec\Desktop\PROJE\logitrackv2\node_modules\next\dist\server\lib\router-server.js:514:13)
    at async Server.requestListener (C:\Users\emrec\Desktop\PROJE\logitrackv2\node_modules\next\dist\server\lib\start-server.js:225:13)